*** Using Compiler 'V5.06 update 6 (build 750)', folder: 'C:\Keil_v5\ARM\ARMCC\Bin'
Rebuild target 'rt-thread'
compiling dwin.c...
compiling flash.c...
compiling main.c...
applications\main.c(205): warning:  #111-D: statement is unreachable
      return RT_EOK;
applications\main.c: 1 warning, 0 errors
compiling small_modbus.c...
compiling measure.c...
compiling dwin_port.c...
compiling cmb_port.c...
packages\CmBacktrace-v1.4.1\cmb_port.c(306): warning: C4018W: division by zero: /
        z = x / y;
packages\CmBacktrace-v1.4.1\cmb_port.c: 1 warning, 0 errors
compiling cm_backtrace.c...
compiling stm32_irq.c...
compiling syscall_mem.c...
compiling syscalls.c...
compiling small_modbus_port.c...
compiling cstdio.c...
compiling io_signal.c...
compiling cctype.c...
compiling tool.c...
compiling cstring.c...
compiling cwchar.c...
compiling backtrace.c...
compiling cmb_flash_log.c...
compiling div0.c...
compiling cstdlib.c...
compiling showmem.c...
compiling ctime.c...
assembling context_rvds.S...
compiling completion.c...
compiling pipe.c...
compiling ringblk_buf.c...
compiling cpuport.c...
compiling workqueue.c...
compiling ringbuffer.c...
compiling waitqueue.c...
compiling dataqueue.c...
compiling serial.c...
compiling pin.c...
compiling pm.c...
compiling lptimer.c...
assembling startup_stm32f103xe.s...
compiling stm32f1xx_hal_msp.c...
compiling Src_main.c...
compiling drv_usart.c...
compiling board.c...
compiling drv_gpio.c...
compiling drv_common.c...
compiling dfs_posix.c...
compiling dfs_fs.c...
compiling fal_flash.c...
compiling fal.c...
compiling dfs_file.c...
compiling shell.c...
compiling dfs.c...
compiling msh.c...
compiling msh_parse.c...
compiling msh_file.c...
compiling cmd.c...
compiling fal_partition.c...
compiling fal_rtt.c...
rt-thread\components\fal\src\fal_rtt.c(647): warning:  #223-D: function "strtol" declared implicitly
                      addr = strtol(argv[2], NULL, 0);
rt-thread\components\fal\src\fal_rtt.c(709): warning:  #223-D: function "strtol" declared implicitly
                      addr = strtol(argv[2], NULL, 0);
rt-thread\components\fal\src\fal_rtt.c(753): warning:  #223-D: function "strtol" declared implicitly
                      addr = strtol(argv[2], NULL, 0);
rt-thread\components\fal\src\fal_rtt.c(778): warning:  #223-D: function "strtol" declared implicitly
                      rt_kprintf("DANGER: It will erase full chip or partition! Please run 'fal bench %d yes'.\n", strtol(argv[2], NULL, 0));
rt-thread\components\fal\src\fal_rtt.c(783): warning:  #223-D: function "strtol" declared implicitly
                  size_t write_size = strtol(argv[2], NULL, 0), read_size = strtol(argv[2], NULL, 0), cur_op_size;
rt-thread\components\fal\src\fal_rtt.c: 5 warnings, 0 errors
compiling fdb.c...
compiling fdb_file.c...
compiling fdb_utils.c...
compiling fdb_cmd.c...
packages\FlashDB-v1.1.2\src\fdb_cmd.c(125): warning:  #223-D: function "strtol" declared implicitly
                      uint32_t sec_size = strtol(argv[4], NULL, 0);
packages\FlashDB-v1.1.2\src\fdb_cmd.c(105): warning:  #177-D: variable "addr"  was declared but never referenced
          uint32_t addr, size;
packages\FlashDB-v1.1.2\src\fdb_cmd.c(105): warning:  #177-D: variable "size"  was declared but never referenced
          uint32_t addr, size;
packages\FlashDB-v1.1.2\src\fdb_cmd.c(74): warning:  #177-D: variable "result"  was declared but never referenced
      int result;
packages\FlashDB-v1.1.2\src\fdb_cmd.c: 4 warnings, 0 errors
compiling fdb_tsdb.c...
compiling clock.c...
compiling device.c...
compiling components.c...
compiling idle.c...
compiling fdb_kvdb.c...
compiling mem.c...
compiling mempool.c...
compiling object.c...
compiling kservice.c...
compiling irq.c...
compiling ipc.c...
compiling thread.c...
compiling timer.c...
compiling scheduler.c...
compiling stm32f1xx_hal_crc.c...
compiling stm32f1xx_hal_dma.c...
compiling stm32f1xx_hal_adc.c...
compiling stm32f1xx_hal.c...
compiling stm32f1xx_hal_cec.c...
compiling system_stm32f1xx.c...
compiling stm32f1xx_hal_adc_ex.c...
compiling stm32f1xx_hal_gpio_ex.c...
compiling stm32f1xx_hal_dac.c...
compiling stm32f1xx_hal_rcc_ex.c...
compiling stm32f1xx_hal_tim_ex.c...
compiling stm32f1xx_hal_pwr.c...
compiling stm32f1xx_hal_uart.c...
compiling stm32f1xx_hal_gpio.c...
compiling stm32f1xx_hal_usart.c...
compiling stm32f1xx_hal_dac_ex.c...
compiling stm32f1xx_hal_cortex.c...
compiling stm32f1xx_hal_rcc.c...
compiling rt_vsnprintf.c...
compiling stm32f1xx_hal_iwdg.c...
compiling stm32f1xx_hal_flash_ex.c...
compiling stm32f1xx_hal_flash.c...
compiling stm32f1xx_hal_tim.c...
linking...
Program Size: Code=113588 RO-data=17108 RW-data=2516 ZI-data=9276  
FromELF: creating hex file...
After Build - User command #1: fromelf --bin .\Objects\rt-thread.axf --output rtthread.bin
".\Objects\rt-thread.axf" - 0 Error(s), 11 Warning(s).
Build Time Elapsed:  00:00:39
